<?xml version="1.0" encoding="UTF-8"?>
<testng-results ignored="0" total="1" passed="1" failed="0" skipped="0">
  <reporter-output>
    <line>
      <![CDATA[This is my first log]]>
    </line>
    <line>
      <![CDATA[This is my second log]]>
    </line>
  </reporter-output>
  <suite started-at="2022-07-21T23:16:39 IST" name="Surefire suite" finished-at="2022-07-21T23:16:39 IST" duration-ms="61">
    <groups>
    </groups>
    <test started-at="2022-07-21T23:16:39 IST" name="Surefire test" finished-at="2022-07-21T23:16:39 IST" duration-ms="61">
      <class name="com.selenium.app.Selenium_java_march_22.AppTest">
        <test-method signature="shouldAnswerWithTrue()" started-at="2022-07-21T23:16:39 IST" name="shouldAnswerWithTrue" finished-at="2022-07-21T23:16:39 IST" duration-ms="9" status="PASS">
          <reporter-output>
          </reporter-output>
        </test-method> <!-- shouldAnswerWithTrue -->
      </class> <!-- com.selenium.app.Selenium_java_march_22.AppTest -->
    </test> <!-- Surefire test -->
  </suite> <!-- Surefire suite -->
</testng-results>
