<?xml version="1.0" encoding="UTF-8"?>
<testsuite xmlns:xsi="http://www.w3.org/2001/XMLSchema-instance" xsi:noNamespaceSchemaLocation="https://maven.apache.org/surefire/maven-surefire-plugin/xsd/surefire-test-report.xsd" name="TestSuite" time="28.886" tests="30" errors="0" skipped="3" failures="4">
  <properties>
[...]
</properties>
  <testcase name="f" classname="TestNGProgram.AnnotationTest" time="0.002"/>
  <testcase name="s" classname="TestNGProgram.AnnotationTest" time="0"/>
  <testcase name="beforeClass" classname="TestNGProgram.CrossBrowseTest" time="0.015">
    <failure message="&#10;Parameter &apos;browser&apos; is required by BeforeClass on method beforeClass but has not been marked @Optional or defined&#10;" type="org.testng.TestNGException">org.testng.TestNGException: 

Parameter 'browser' is required by BeforeClass on method beforeClass but has not been marked @Optional or defined

</failure>
    <system-out><![CDATA[After Method Execute After each Test Method
After Class Execute After each Test Method
]]></system-out>
  </testcase>
  <testcase name="check_Title" classname="TestNGProgram.CrossBrowseTest" time="0">
    <skipped message="&#10;Parameter &apos;browser&apos; is required by BeforeClass on method beforeClass but has not been marked @Optional or defined&#10;"/>
  </testcase>
  <testcase name="login" classname="TestNGProgram.CrossBrowseTest" time="0">
    <skipped message="&#10;Parameter &apos;browser&apos; is required by BeforeClass on method beforeClass but has not been marked @Optional or defined&#10;"/>
  </testcase>
  <testcase name="teardown" classname="TestNGProgram.CrossBrowseTest" time="0">
    <skipped message="&#10;Parameter &apos;browser&apos; is required by BeforeClass on method beforeClass but has not been marked @Optional or defined&#10;"/>
  </testcase>
  <testcase name="f" classname="TestNGProgram.DataDrivenTest" time="0.001"/>
  <testcase name="f" classname="TestNGProgram.DataDrivenTest" time="0"/>
  <testcase name="f" classname="TestNGProgram.DataDrivenTest" time="0.002"/>
  <testcase name="f" classname="TestNGProgram.DataDrivenTest" time="0"/>
  <testcase name="f" classname="TestNGProgram.DataDrivenTest" time="0"/>
  <testcase name="f" classname="TestNGProgram.DataDrivenTest" time="0"/>
  <testcase name="f" classname="TestNGProgram.DataDrivenTest" time="0"/>
  <testcase name="f" classname="TestNGProgram.DataDrivenTest" time="0"/>
  <testcase name="f" classname="TestNGProgram.DataDrivenTest" time="0.002"/>
  <testcase name="f" classname="TestNGProgram.DataDrivenTest" time="0"/>
  <testcase name="a" classname="TestNGProgram.NewTest" time="0"/>
  <testcase name="f" classname="TestNGProgram.NewTest" time="0.001"/>
  <testcase name="s" classname="TestNGProgram.NewTest" time="0"/>
  <testcase name="failedTest" classname="TestNGProgram.NewTest" time="0.01">
    <failure message="expected [true] but found [false]" type="java.lang.AssertionError">java.lang.AssertionError: expected [true] but found [false]
	at TestNGProgram.NewTest.failedTest(NewTest.java:27)
</failure>
  </testcase>
  <testcase name="ChromeTest" classname="TestNGProgram.ParallelTest" time="3.794">
    <failure message="&#10;Method ParallelTest.ChromeTest()[pri:0, instance:TestNGProgram.ParallelTest@27ff5d15] should have thrown an exception of type class org.testng.internal.thread.ThreadTimeoutException" type="org.testng.TestException">org.testng.TestException: 

Method ParallelTest.ChromeTest()[pri:0, instance:TestNGProgram.ParallelTest@27ff5d15] should have thrown an exception of type class org.testng.internal.thread.ThreadTimeoutException
</failure>
    <system-out><![CDATA[Current Thread ID: 24
]]></system-out>
    <system-err><![CDATA[Starting ChromeDriver 103.0.5060.53 (a1711811edd74ff1cf2150f36ffa3b0dae40b17f-refs/branch-heads/5060@{#853}) on port 57112
Only local connections are allowed.
Please see https://chromedriver.chromium.org/security-considerations for suggestions on keeping ChromeDriver safe.
ChromeDriver was started successfully.
Jul 21, 2022 11:16:13 PM org.openqa.selenium.remote.ProtocolHandshake createSession
INFO: Detected upstream dialect: W3C
Jul 21, 2022 11:16:13 PM org.openqa.selenium.devtools.CdpVersionFinder findNearestMatch
INFO: Found exact CDP implementation for version 103
]]></system-err>
  </testcase>
  <testcase name="EdgeTest" classname="TestNGProgram.ParallelTest" time="4.592"/>
  <testcase name="EdgeTest" classname="TestNGProgram.ParallelTest" time="0.012">
    <failure message="Method TestNGProgram.ParallelTest.EdgeTest() didn&apos;t finish within the time-out 5000" type="org.testng.internal.thread.ThreadTimeoutException">org.testng.internal.thread.ThreadTimeoutException: Method TestNGProgram.ParallelTest.EdgeTest() didn't finish within the time-out 5000
</failure>
  </testcase>
  <testcase name="FirefoxTest" classname="TestNGProgram.ParallelTest" time="6.681"/>
  <testcase name="launch_chrome" classname="TestNGProgram.TestGroup_priority" time="2.907"/>
  <testcase name="check_login" classname="TestNGProgram.TestGroup_priority" time="0.168"/>
  <testcase name="check_Title" classname="TestNGProgram.TestGroup_priority" time="3.261"/>
  <testcase name="check_forgotpassword" classname="TestNGProgram.TestGroup_priority" time="2.054"/>
  <testcase name="tear_down" classname="TestNGProgram.TestGroup_priority" time="4.164"/>
  <testcase name="shouldAnswerWithTrue on shouldAnswerWithTrue(com.selenium.app.Selenium_java_march_22.AppTest)" classname="com.selenium.app.Selenium_java_march_22.AppTest" time="0.001"/>
</testsuite>