<?xml version="1.0" encoding="UTF-8"?>
<testng-results ignored="0" total="2" passed="2" failed="0" skipped="0">
  <reporter-output>
  </reporter-output>
  <suite started-at="2022-07-21T23:36:31 IST" name="Suite" finished-at="2022-07-21T23:36:35 IST" duration-ms="4296">
    <groups>
    </groups>
    <test started-at="2022-07-21T23:36:31 IST" name="ChromeTest" finished-at="2022-07-21T23:36:33 IST" duration-ms="1995">
      <class name="TestNGProgram.ParametBrowser">
        <test-method signature="SelectBrowser(java.lang.String)[pri:0, instance:TestNGProgram.ParametBrowser@729d991e]" started-at="2022-07-21T23:36:31 IST" name="SelectBrowser" finished-at="2022-07-21T23:36:33 IST" duration-ms="1955" status="PASS">
          <params>
            <param index="0">
              <value>
                <![CDATA[chrome]]>
              </value>
            </param>
          </params>
          <reporter-output>
          </reporter-output>
        </test-method> <!-- SelectBrowser -->
      </class> <!-- TestNGProgram.ParametBrowser -->
    </test> <!-- ChromeTest -->
    <test started-at="2022-07-21T23:36:31 IST" name="EdgeTest" finished-at="2022-07-21T23:36:35 IST" duration-ms="4296">
      <class name="TestNGProgram.ParametBrowser">
        <test-method signature="SelectBrowser(java.lang.String)[pri:0, instance:TestNGProgram.ParametBrowser@20140db9]" started-at="2022-07-21T23:36:31 IST" name="SelectBrowser" finished-at="2022-07-21T23:36:35 IST" duration-ms="4258" status="PASS">
          <params>
            <param index="0">
              <value>
                <![CDATA[edge]]>
              </value>
            </param>
          </params>
          <reporter-output>
          </reporter-output>
        </test-method> <!-- SelectBrowser -->
      </class> <!-- TestNGProgram.ParametBrowser -->
    </test> <!-- EdgeTest -->
  </suite> <!-- Suite -->
</testng-results>
